<?xml version="1.0" encoding="UTF-8"?>
<testsuite name="sp5.Project01.LibraryTest" tests="1" skipped="0" failures="0" errors="0" timestamp="2022-02-19T17:51:41" hostname="DESKTOP-8S31ODR" time="0.003">
  <properties/>
  <testcase name="testSomeLibraryMethod" classname="sp5.Project01.LibraryTest" time="0.003"/>
  <system-out><![CDATA[]]></system-out>
  <system-err><![CDATA[]]></system-err>
</testsuite>
